c:\users\анастасия\documents\учёба\2 курс\информатика\projectspacesolution\build\debug\vc120.pdb
c:\users\анастасия\documents\учёба\2 курс\информатика\projectspacesolution\build\debug\vc120.idb
c:\users\анастасия\documents\учёба\2 курс\информатика\projectspacesolution\build\debug\background.obj
c:\users\анастасия\documents\учёба\2 курс\информатика\projectspacesolution\build\debug\ship.obj
c:\users\анастасия\documents\учёба\2 курс\информатика\projectspacesolution\build\debug\sprite.obj
c:\users\анастасия\documents\учёба\2 курс\информатика\projectspacesolution\build\debug\main.obj
c:\users\анастасия\documents\учёба\2 курс\информатика\projectspacesolution\build\debug\vector2f.obj
c:\users\анастасия\documents\учёба\2 курс\информатика\projectspacesolution\build\debug\gravityobject.obj
c:\users\анастасия\documents\учёба\2 курс\информатика\projectspacesolution\build\debug\spaceobject.obj
c:\users\анастасия\documents\учёба\2 курс\информатика\projectspacesolution\build\debug\game.obj
c:\users\анастасия\documents\учёба\2 курс\информатика\projectspacesolution\build\debug\trajectory.obj
c:\users\анастасия\documents\учёба\2 курс\информатика\projectspacesolution\build\debug\coords.obj
c:\users\анастасия\documents\учёба\2 курс\информатика\projectspacesolution\build\debug\camera.obj
c:\users\анастасия\documents\учёба\2 курс\информатика\projectspacesolution\build\debug\explosion.obj
c:\users\анастасия\documents\учёба\2 курс\информатика\projectspacesolution\bin\projectspace_debug\.ilk
c:\users\анастасия\documents\учёба\2 курс\информатика\projectspacesolution\bin\projectspace_debug\.exe
c:\users\анастасия\documents\учёба\2 курс\информатика\projectspacesolution\bin\projectspace_debug\.pdb
c:\users\анастасия\documents\учёба\2 курс\информатика\projectspacesolution\project\..\bin\projectspace_debug\.pdb
c:\users\анастасия\documents\учёба\2 курс\информатика\projectspacesolution\project\..\bin\projectspace_debug\.exe
c:\users\анастасия\documents\учёба\2 курс\информатика\projectspacesolution\project\..\bin\projectspace_debug\.ilk
c:\users\анастасия\documents\учёба\2 курс\информатика\projectspacesolution\build\debug\projectspace.tlog\cl.command.1.tlog
c:\users\анастасия\documents\учёба\2 курс\информатика\projectspacesolution\build\debug\projectspace.tlog\cl.read.1.tlog
c:\users\анастасия\documents\учёба\2 курс\информатика\projectspacesolution\build\debug\projectspace.tlog\cl.write.1.tlog
c:\users\анастасия\documents\учёба\2 курс\информатика\projectspacesolution\build\debug\projectspace.tlog\link.command.1.tlog
c:\users\анастасия\documents\учёба\2 курс\информатика\projectspacesolution\build\debug\projectspace.tlog\link.read.1.tlog
c:\users\анастасия\documents\учёба\2 курс\информатика\projectspacesolution\build\debug\projectspace.tlog\link.write.1.tlog
