Build started 03.05.2016 11:34:56.
     1>Project "c:\Users\Анастасия\Documents\учёба\2 курс\информатика\MaxFlowAlgorithmSolution\project\MaxFlowAlgorithm\MaxFlowAlgorithm.vcxproj" on node 2 (Build target(s)).
     1>ClCompile:
         C:\Program Files (x86)\Microsoft Visual Studio 12.0\VC\bin\CL.exe /c /ZI /nologo /W3 /WX- /Od /Oy- /D WIN32 /D _DEBUG /D _CONSOLE /D _LIB /D _UNICODE /D UNICODE /Gm /EHsc /RTC1 /MDd /GS /fp:precise /Zc:wchar_t /Zc:forScope /Fo"Debug\\" /Fd"Debug\vc120.pdb" /Gd /TP /analyze- /errorReport:prompt ..\..\src\main.cpp
         main.cpp
     1>c:\users\анастасия\documents\учёба\2 курс\информатика\maxflowalgorithmsolution\src\main.cpp(29): warning C4996: 'strcpy': This function or variable may be unsafe. Consider using strcpy_s instead. To disable deprecation, use _CRT_SECURE_NO_WARNINGS. See online help for details.
                 c:\program files (x86)\microsoft visual studio 12.0\vc\include\string.h(112) : see declaration of 'strcpy'
     1>c:\users\анастасия\documents\учёба\2 курс\информатика\maxflowalgorithmsolution\src\main.cpp(167): warning C4305: 'initializing' : truncation from '__int64' to 'int'
     1>c:\users\анастасия\documents\учёба\2 курс\информатика\maxflowalgorithmsolution\src\main.cpp(167): warning C4309: 'initializing' : truncation of constant value
     1>c:\users\анастасия\documents\учёба\2 курс\информатика\maxflowalgorithmsolution\src\main.cpp(63): warning C4715: 'Load' : not all control paths return a value
       Link:
         C:\Program Files (x86)\Microsoft Visual Studio 12.0\VC\bin\link.exe /ERRORREPORT:PROMPT /OUT:"C:\Users\Анастасия\Documents\учёба\2 курс\информатика\MaxFlowAlgorithmSolution\project\Debug\MaxFlowAlgorithm.exe" /INCREMENTAL /NOLOGO kernel32.lib user32.lib gdi32.lib winspool.lib comdlg32.lib advapi32.lib shell32.lib ole32.lib oleaut32.lib uuid.lib odbc32.lib odbccp32.lib /MANIFEST /MANIFESTUAC:"level='asInvoker' uiAccess='false'" /manifest:embed /DEBUG /PDB:"C:\Users\Анастасия\Documents\учёба\2 курс\информатика\MaxFlowAlgorithmSolution\project\Debug\MaxFlowAlgorithm.pdb" /SUBSYSTEM:CONSOLE /TLBID:1 /DYNAMICBASE /NXCOMPAT /IMPLIB:"C:\Users\Анастасия\Documents\учёба\2 курс\информатика\MaxFlowAlgorithmSolution\project\Debug\MaxFlowAlgorithm.lib" /MACHINE:X86 Debug\main.obj
     1>main.obj : error LNK2019: unresolved external symbol "public: class tinyxml2::XMLElement const * __thiscall tinyxml2::XMLNode::FirstChildElement(char const *)const " (?FirstChildElement@XMLNode@tinyxml2@@QBEPBVXMLElement@2@PBD@Z) referenced in function "public: class tinyxml2::XMLElement * __thiscall tinyxml2::XMLNode::FirstChildElement(char const *)" (?FirstChildElement@XMLNode@tinyxml2@@QAEPAVXMLElement@2@PBD@Z)
     1>main.obj : error LNK2019: unresolved external symbol "public: class tinyxml2::XMLElement const * __thiscall tinyxml2::XMLNode::NextSiblingElement(char const *)const " (?NextSiblingElement@XMLNode@tinyxml2@@QBEPBVXMLElement@2@PBD@Z) referenced in function "public: class tinyxml2::XMLElement * __thiscall tinyxml2::XMLNode::NextSiblingElement(char const *)" (?NextSiblingElement@XMLNode@tinyxml2@@QAEPAVXMLElement@2@PBD@Z)
     1>main.obj : error LNK2019: unresolved external symbol "public: class tinyxml2::XMLNode * __thiscall tinyxml2::XMLNode::InsertEndChild(class tinyxml2::XMLNode *)" (?InsertEndChild@XMLNode@tinyxml2@@QAEPAV12@PAV12@@Z) referenced in function "int __cdecl Save(char const *,int)" (?Save@@YAHPBDH@Z)
     1>main.obj : error LNK2019: unresolved external symbol "public: enum tinyxml2::XMLError __thiscall tinyxml2::XMLAttribute::QueryIntValue(int *)const " (?QueryIntValue@XMLAttribute@tinyxml2@@QBE?AW4XMLError@2@PAH@Z) referenced in function "public: enum tinyxml2::XMLError __thiscall tinyxml2::XMLElement::QueryIntAttribute(char const *,int *)const " (?QueryIntAttribute@XMLElement@tinyxml2@@QBE?AW4XMLError@2@PBDPAH@Z)
     1>main.obj : error LNK2019: unresolved external symbol "public: void __thiscall tinyxml2::XMLAttribute::SetAttribute(int)" (?SetAttribute@XMLAttribute@tinyxml2@@QAEXH@Z) referenced in function "public: void __thiscall tinyxml2::XMLElement::SetAttribute(char const *,int)" (?SetAttribute@XMLElement@tinyxml2@@QAEXPBDH@Z)
     1>main.obj : error LNK2019: unresolved external symbol "public: char const * __thiscall tinyxml2::XMLElement::Attribute(char const *,char const *)const " (?Attribute@XMLElement@tinyxml2@@QBEPBDPBD0@Z) referenced in function "int __cdecl Load(char const *)" (?Load@@YAHPBD@Z)
     1>main.obj : error LNK2019: unresolved external symbol "public: class tinyxml2::XMLAttribute const * __thiscall tinyxml2::XMLElement::FindAttribute(char const *)const " (?FindAttribute@XMLElement@tinyxml2@@QBEPBVXMLAttribute@2@PBD@Z) referenced in function "public: enum tinyxml2::XMLError __thiscall tinyxml2::XMLElement::QueryIntAttribute(char const *,int *)const " (?QueryIntAttribute@XMLElement@tinyxml2@@QBE?AW4XMLError@2@PBDPAH@Z)
     1>main.obj : error LNK2019: unresolved external symbol "private: class tinyxml2::XMLAttribute * __thiscall tinyxml2::XMLElement::FindOrCreateAttribute(char const *)" (?FindOrCreateAttribute@XMLElement@tinyxml2@@AAEPAVXMLAttribute@2@PBD@Z) referenced in function "public: void __thiscall tinyxml2::XMLElement::SetAttribute(char const *,int)" (?SetAttribute@XMLElement@tinyxml2@@QAEXPBDH@Z)
     1>main.obj : error LNK2019: unresolved external symbol "public: __thiscall tinyxml2::XMLDocument::XMLDocument(bool,enum tinyxml2::Whitespace)" (??0XMLDocument@tinyxml2@@QAE@_NW4Whitespace@1@@Z) referenced in function "int __cdecl Load(char const *)" (?Load@@YAHPBD@Z)
     1>main.obj : error LNK2019: unresolved external symbol "public: virtual __thiscall tinyxml2::XMLDocument::~XMLDocument(void)" (??1XMLDocument@tinyxml2@@UAE@XZ) referenced in function "int __cdecl Load(char const *)" (?Load@@YAHPBD@Z)
     1>main.obj : error LNK2019: unresolved external symbol "public: enum tinyxml2::XMLError __thiscall tinyxml2::XMLDocument::LoadFile(char const *)" (?LoadFile@XMLDocument@tinyxml2@@QAE?AW4XMLError@2@PBD@Z) referenced in function "int __cdecl Load(char const *)" (?Load@@YAHPBD@Z)
     1>main.obj : error LNK2019: unresolved external symbol "public: enum tinyxml2::XMLError __thiscall tinyxml2::XMLDocument::SaveFile(char const *,bool)" (?SaveFile@XMLDocument@tinyxml2@@QAE?AW4XMLError@2@PBD_N@Z) referenced in function "int __cdecl Save(char const *,int)" (?Save@@YAHPBDH@Z)
     1>main.obj : error LNK2019: unresolved external symbol "public: class tinyxml2::XMLElement * __thiscall tinyxml2::XMLDocument::NewElement(char const *)" (?NewElement@XMLDocument@tinyxml2@@QAEPAVXMLElement@2@PBD@Z) referenced in function "int __cdecl Save(char const *,int)" (?Save@@YAHPBDH@Z)
     1>C:\Users\└эрёЄрёш \Documents\єў╕ср\2 ъєЁё\шэЇюЁьрЄшър\MaxFlowAlgorithmSolution\project\Debug\MaxFlowAlgorithm.exe : fatal error LNK1120: 13 unresolved externals
     1>Done Building Project "c:\Users\Анастасия\Documents\учёба\2 курс\информатика\MaxFlowAlgorithmSolution\project\MaxFlowAlgorithm\MaxFlowAlgorithm.vcxproj" (Build target(s)) -- FAILED.

Build FAILED.

Time Elapsed 00:00:04.12
